Test (2A): initial election ...
  ... Passed --   3.0  3   50   14960    0
Test (2A): election after network failure ...
  ... Passed --   4.5  3  119   24314    0
Test (2A): multiple elections ...
  ... Passed --   5.5  7  683  128114    0
Test (2B): basic agreement ...
  ... Passed --   0.6  3   24    6052    3
Test (2B): RPC byte count ...
  ... Passed --   1.7  3   54  115300   11
Test (2B): agreement after follower reconnects ...
  ... Passed --   5.6  3  138   35730    8
Test (2B): no agreement if too many followers disconnect ...
  ... Passed --   3.3  5  299   60679    3
Test (2B): concurrent Start()s ...
  ... Passed --   0.7  3   18    4332    6
Test (2B): rejoin of partitioned leader ...
  ... Passed --   6.3  3  239   56934    4
Test (2B): leader backs up quickly over incorrect follower logs ...
  ... Passed --  19.6  5 2661 1716227  102
Test (2B): RPC counts aren't too high ...
  ... Passed --   2.2  3   44   12156   12
Test (2C): basic persistence ...
  ... Passed --   3.2  3   89   22519    6
Test (2C): more persistence ...
  ... Passed --  16.6  5 1319  270060   17
Test (2C): partitioned leader and one follower crash, leader restarts ...
  ... Passed --   1.1  3   37    9467    4
Test (2C): Figure 8 ...
  ... Passed --  42.1  5 2518  618747   52
Test (2C): unreliable agreement ...
  ... Passed --   5.3  5  446  142882  246
Test (2C): Figure 8 (unreliable) ...
  ... Passed --  49.2  5 9236 25987860  869
Test (2C): churn ...
  ... Passed --  16.2  5 1467  677059  428
Test (2C): unreliable churn ...
  ... Passed --  16.4  5 1913 1217131  247
Test (2D): snapshots basic ...
  ... Passed --   4.8  3  150   52082  214
Test (2D): install snapshots (disconnect) ...
  ... Passed --  65.7  3 1483  558105  341
Test (2D): install snapshots (disconnect+unreliable) ...
  ... Passed --  90.9  3 2230  858751  323
Test (2D): install snapshots (crash) ...
  ... Passed --  40.8  3  948  388321  344
Test (2D): install snapshots (unreliable+crash) ...
  ... Passed --  79.5  3 1781  666432  357
Test (2D): crash and restart all servers ...
  ... Passed --   8.0  3  262   77888   60
PASS
ok  	6.824/raft	492.893s
Test (2A): initial election ...
  ... Passed --   3.1  3   56   15236    0
Test (2A): election after network failure ...
  ... Passed --   4.5  3  124   24352    0
Test (2A): multiple elections ...
  ... Passed --   5.7  7  589  116766    0
Test (2B): basic agreement ...
  ... Passed --   0.6  3   24    6052    3
Test (2B): RPC byte count ...
  ... Passed --   1.8  3   58  116308   11
Test (2B): agreement after follower reconnects ...
  ... Passed --   3.8  3  112   27469    7
Test (2B): no agreement if too many followers disconnect ...
  ... Passed --   3.6  5  304   62244    4
Test (2B): concurrent Start()s ...
  ... Passed --   0.6  3   20    4920    6
Test (2B): rejoin of partitioned leader ...
  ... Passed --   4.2  3  209   47870    4
Test (2B): leader backs up quickly over incorrect follower logs ...
  ... Passed --  19.8  5 2664 1710388  102
Test (2B): RPC counts aren't too high ...
  ... Passed --   2.2  3   44   12228   12
Test (2C): basic persistence ...
  ... Passed --   3.2  3   88   22218    6
Test (2C): more persistence ...
  ... Passed --  16.1  5 1245  258366   16
Test (2C): partitioned leader and one follower crash, leader restarts ...
  ... Passed --   1.1  3   37    9467    4
Test (2C): Figure 8 ...
  ... Passed --  37.8  5 2330  558397   57
Test (2C): unreliable agreement ...
  ... Passed --   5.3  5  437  144982  246
Test (2C): Figure 8 (unreliable) ...
  ... Passed --  52.1  5 9773 26966864   24
Test (2C): churn ...
  ... Passed --  16.2  5 1471  857413  397
Test (2C): unreliable churn ...
  ... Passed --  16.6  5 1444  529544  218
Test (2D): snapshots basic ...
  ... Passed --   4.6  3  142   49846  218
Test (2D): install snapshots (disconnect) ...
  ... Passed --  49.1  3 1185  437605  307
Test (2D): install snapshots (disconnect+unreliable) ...
  ... Passed --  87.8  3 2173  837801  353
Test (2D): install snapshots (crash) ...
  ... Passed --  47.0  3 1062  404656  310
Test (2D): install snapshots (unreliable+crash) ...
  ... Passed --  92.3  3 2080  774919  327
Test (2D): crash and restart all servers ...
  ... Passed --   8.4  3  280   85136   65
PASS
ok  	6.824/raft	487.464s
Test (2A): initial election ...
  ... Passed --   3.1  3   58   15816    0
Test (2A): election after network failure ...
  ... Passed --   4.6  3  118   22830    0
Test (2A): multiple elections ...
  ... Passed --   5.4  7  629  123562    0
Test (2B): basic agreement ...
  ... Passed --   0.6  3   24    6052    3
Test (2B): RPC byte count ...
  ... Passed --   1.6  3   56  115988   11
Test (2B): agreement after follower reconnects ...
  ... Passed --   5.7  3  138   35714    8
Test (2B): no agreement if too many followers disconnect ...
  ... Passed --   3.5  5  313   61808    3
Test (2B): concurrent Start()s ...
  ... Passed --   0.5  3   20    4920    6
Test (2B): rejoin of partitioned leader ...
  ... Passed --   4.2  3  206   47065    4
Test (2B): leader backs up quickly over incorrect follower logs ...
  ... Passed --  19.6  5 2643 1689407  102
Test (2B): RPC counts aren't too high ...
  ... Passed --   2.1  3   43   12062   12
Test (2C): basic persistence ...
  ... Passed --   3.2  3   89   22693    6
Test (2C): more persistence ...
  ... Passed --  16.3  5 1269  262906   16
Test (2C): partitioned leader and one follower crash, leader restarts ...
  ... Passed --   1.2  3   39   10053    4
Test (2C): Figure 8 ...
  ... Passed --  33.7  5 2024  492434   52
Test (2C): unreliable agreement ...
  ... Passed --   4.7  5  399  130756  246
Test (2C): Figure 8 (unreliable) ...
  ... Passed --  52.8  5 6994 9201770  321
Test (2C): churn ...
  ... Passed --  16.2  5 1575  833263  518
Test (2C): unreliable churn ...
  ... Passed --  16.2  5  977  311431  140
Test (2D): snapshots basic ...
  ... Passed --   4.5  3  140   48980  198
Test (2D): install snapshots (disconnect) ...
  ... Passed --  58.8  3 1335  490727  319
Test (2D): install snapshots (disconnect+unreliable) ...
  ... Passed --  102.2  3 2553  874030  297
Test (2D): install snapshots (crash) ...
  ... Passed --  39.7  3  936  358255  324
Test (2D): install snapshots (unreliable+crash) ...
  ... Passed --  69.0  3 1603  617904  354
Test (2D): crash and restart all servers ...
  ... Passed --   6.9  3  228   68852   52
PASS
ok  	6.824/raft	476.363s
Test (2A): initial election ...
  ... Passed --   3.1  3   54   14742    0
Test (2A): election after network failure ...
  ... Passed --   4.5  3  124   23954    0
Test (2A): multiple elections ...
  ... Passed --   5.7  7  652  126232    0
Test (2B): basic agreement ...
  ... Passed --   0.6  3   24    6052    3
Test (2B): RPC byte count ...
  ... Passed --   1.6  3   56  115888   11
Test (2B): agreement after follower reconnects ...
  ... Passed --   5.5  3  141   36084    8
Test (2B): no agreement if too many followers disconnect ...
  ... Passed --   3.4  5  286   58524    3
Test (2B): concurrent Start()s ...
  ... Passed --   0.7  3   18    4356    6
Test (2B): rejoin of partitioned leader ...
  ... Passed --   6.1  3  238   56198    4
Test (2B): leader backs up quickly over incorrect follower logs ...
  ... Passed --  19.6  5 2633 1701867  103
Test (2B): RPC counts aren't too high ...
  ... Passed --   2.2  3   44   12152   12
Test (2C): basic persistence ...
  ... Passed --   3.2  3   89   22345    6
Test (2C): more persistence ...
  ... Passed --  16.2  5 1260  260258   16
Test (2C): partitioned leader and one follower crash, leader restarts ...
  ... Passed --   1.2  3   38   10302    4
Test (2C): Figure 8 ...
  ... Passed --  33.2  5 2059  484909   46
Test (2C): unreliable agreement ...
  ... Passed --   5.1  5  425  135375  246
Test (2C): Figure 8 (unreliable) ...
  ... Passed --  49.1  5 9556 22393241  413
Test (2C): churn ...
  ... Passed --  16.6  5 1511 1030687  469
Test (2C): unreliable churn ...
  ... Passed --  16.2  5 1246  515172  230
Test (2D): snapshots basic ...
  ... Passed --   4.6  3  148   51808  222
Test (2D): install snapshots (disconnect) ...
  ... Passed --  57.6  3 1356  513366  374
Test (2D): install snapshots (disconnect+unreliable) ...
  ... Passed --  105.7  3 2558  967784  361
Test (2D): install snapshots (crash) ...
  ... Passed --  43.8  3 1013  391106  336
Test (2D): install snapshots (unreliable+crash) ...
  ... Passed --  87.1  3 1971  696216  297
Test (2D): crash and restart all servers ...
  ... Passed --   8.0  3  262   78064   60
PASS
ok  	6.824/raft	500.422s
Test (2A): initial election ...
  ... Passed --   3.1  3   58   15816    0
Test (2A): election after network failure ...
  ... Passed --   4.6  3  126   25086    0
Test (2A): multiple elections ...
  ... Passed --   5.5  7  686  130734    0
Test (2B): basic agreement ...
  ... Passed --   0.4  3   22    5764    3
Test (2B): RPC byte count ...
--- FAIL: TestRPCBytes2B (2.07s)
    config.go:607: one(99) failed to reach agreement
Test (2B): agreement after follower reconnects ...
  ... Passed --   5.7  3  144   37010    8
Test (2B): no agreement if too many followers disconnect ...
  ... Passed --   3.6  5  316   64158    4
Test (2B): concurrent Start()s ...
  ... Passed --   0.6  3   20    4920    6
Test (2B): rejoin of partitioned leader ...
  ... Passed --   6.0  3  230   54582    4
Test (2B): leader backs up quickly over incorrect follower logs ...
  ... Passed --  19.7  5 2647 1689033  103
Test (2B): RPC counts aren't too high ...
  ... Passed --   2.1  3   44   12160   12
Test (2C): basic persistence ...
  ... Passed --   3.3  3   86   21989    6
Test (2C): more persistence ...
  ... Passed --  15.8  5 1255  257582   17
Test (2C): partitioned leader and one follower crash, leader restarts ...
  ... Passed --   1.2  3   40   10194    4
Test (2C): Figure 8 ...
  ... Passed --  33.0  5 2048  539770   55
Test (2C): unreliable agreement ...
  ... Passed --   5.2  5  441  141979  246
Test (2C): Figure 8 (unreliable) ...
  ... Passed --  46.2  5 8904 16505700  574
Test (2C): churn ...
  ... Passed --  16.3  5 2057 1287269  108
Test (2C): unreliable churn ...
  ... Passed --  16.2  5 1714  714464  130
Test (2D): snapshots basic ...
  ... Passed --   4.6  3  143   51200  239
Test (2D): install snapshots (disconnect) ...
  ... Passed --  63.4  3 1436  582398  385
Test (2D): install snapshots (disconnect+unreliable) ...
  ... Passed --  100.9  3 2384  938838  382
Test (2D): install snapshots (crash) ...
  ... Passed --  40.8  3  956  370056  323
Test (2D): install snapshots (unreliable+crash) ...
  ... Passed --  81.6  3 1847  748935  350
Test (2D): crash and restart all servers ...
  ... Passed --   9.3  3  308   92224   72
FAIL
exit status 1
FAIL	6.824/raft	491.337s
Test (2A): initial election ...
  ... Passed --   3.1  3   56   15334    0
Test (2A): election after network failure ...
  ... Passed --   4.7  3  124   25518    0
Test (2A): multiple elections ...
  ... Passed --   5.5  7  611  109838    0
Test (2B): basic agreement ...
  ... Passed --   0.6  3   24    6052    3
Test (2B): RPC byte count ...
  ... Passed --   1.4  3   52  115082   11
Test (2B): agreement after follower reconnects ...
  ... Passed --   3.8  3  111   27529    7
Test (2B): no agreement if too many followers disconnect ...
  ... Passed --   3.7  5  309   61745    4
Test (2B): concurrent Start()s ...
  ... Passed --   0.6  3   20    4920    6
Test (2B): rejoin of partitioned leader ...
  ... Passed --   6.1  3  236   56146    4
Test (2B): leader backs up quickly over incorrect follower logs ...
  ... Passed --  19.3  5 2630 1697134  102
Test (2B): RPC counts aren't too high ...
  ... Passed --   2.1  3   40   11064   12
Test (2C): basic persistence ...
  ... Passed --   3.2  3   89   22699    6
Test (2C): more persistence ...
  ... Passed --  16.1  5 1282  263737   16
Test (2C): partitioned leader and one follower crash, leader restarts ...
  ... Passed --   1.2  3   39    9974    4
Test (2C): Figure 8 ...
  ... Passed --  38.3  5 2333  584132   63
Test (2C): unreliable agreement ...
  ... Passed --   7.1  5  504  156299  246
Test (2C): Figure 8 (unreliable) ...
  ... Passed --  43.5  5 6677 7468181  109
Test (2C): churn ...
  ... Passed --  16.3  5 1166  463048  191
Test (2C): unreliable churn ...
  ... Passed --  16.3  5  998  601087  116
Test (2D): snapshots basic ...
  ... Passed --   4.6  3  144   51050  233
Test (2D): install snapshots (disconnect) ...
  ... Passed --  58.8  3 1370  500619  360
Test (2D): install snapshots (disconnect+unreliable) ...
  ... Passed --  95.0  3 2309  815376  339
Test (2D): install snapshots (crash) ...
  ... Passed --  48.9  3 1107  421788  343
Test (2D): install snapshots (unreliable+crash) ...
  ... Passed --  78.2  3 1794  735041  350
Test (2D): crash and restart all servers ...
  ... Passed --   7.0  3  230   68186   52
PASS
ok  	6.824/raft	485.164s
Test (2A): initial election ...
  ... Passed --   3.0  3   52   14156    0
Test (2A): election after network failure ...
  ... Passed --   4.4  3  122   23616    0
Test (2A): multiple elections ...
  ... Passed --   5.6  7  587  112452    0
Test (2B): basic agreement ...
  ... Passed --   0.7  3   21    5340    3
Test (2B): RPC byte count ...
  ... Passed --   1.8  3   57  116050   11
Test (2B): agreement after follower reconnects ...
  ... Passed --   3.4  3  105   26107    7
Test (2B): no agreement if too many followers disconnect ...
  ... Passed --   3.4  5  300   61800    4
Test (2B): concurrent Start()s ...
  ... Passed --   0.6  3   20    4948    6
Test (2B): rejoin of partitioned leader ...
  ... Passed --   6.1  3  234   55770    4
Test (2B): leader backs up quickly over incorrect follower logs ...
  ... Passed --  19.4  5 2625 1700788  102
Test (2B): RPC counts aren't too high ...
  ... Passed --   2.2  3   44   12160   12
Test (2C): basic persistence ...
  ... Passed --   3.4  3   95   23734    6
Test (2C): more persistence ...
  ... Passed --  15.9  5 1271  261160   16
Test (2C): partitioned leader and one follower crash, leader restarts ...
  ... Passed --   1.2  3   39    9974    4
Test (2C): Figure 8 ...
  ... Passed --  39.3  5 2271  536150   58
Test (2C): unreliable agreement ...
  ... Passed --   4.7  5  399  133472  246
Test (2C): Figure 8 (unreliable) ...
  ... Passed --  51.9  5 9325 12741198  782
Test (2C): churn ...
  ... Passed --  16.4  5 1109  454884  273
Test (2C): unreliable churn ...
  ... Passed --  16.2  5 1600  681856  222
Test (2D): snapshots basic ...
  ... Passed --   4.7  3  144   50420  218
Test (2D): install snapshots (disconnect) ...
  ... Passed --  65.5  3 1464  528980  327
Test (2D): install snapshots (disconnect+unreliable) ...
  ... Passed --  94.7  3 2308  897223  352
Test (2D): install snapshots (crash) ...
  ... Passed --  40.6  3  939  340245  294
Test (2D): install snapshots (unreliable+crash) ...
  ... Passed --  81.7  3 1850  682685  297
Test (2D): crash and restart all servers ...
  ... Passed --   6.9  3  230   68096   52
PASS
ok  	6.824/raft	493.929s
Test (2A): initial election ...
  ... Passed --   3.1  3   56   14970    0
Test (2A): election after network failure ...
  ... Passed --   4.6  3  130   25182    0
Test (2A): multiple elections ...
  ... Passed --   5.6  7  640  128114    0
Test (2B): basic agreement ...
  ... Passed --   0.5  3   24    6052    3
Test (2B): RPC byte count ...
  ... Passed --   1.6  3   56  115888   11
Test (2B): agreement after follower reconnects ...
  ... Passed --   5.4  3  138   35528    8
Test (2B): no agreement if too many followers disconnect ...
  ... Passed --   3.5  5  309   61931    3
Test (2B): concurrent Start()s ...
  ... Passed --   0.7  3   16    3770    6
Test (2B): rejoin of partitioned leader ...
  ... Passed --   4.2  3  210   47893    4
Test (2B): leader backs up quickly over incorrect follower logs ...
  ... Passed --  15.8  5 2378 1543876  102
Test (2B): RPC counts aren't too high ...
  ... Passed --   2.3  3   48   13408   12
Test (2C): basic persistence ...
  ... Passed --   3.0  3   84   21306    6
Test (2C): more persistence ...
  ... Passed --  14.2  5 1211  245239   16
Test (2C): partitioned leader and one follower crash, leader restarts ...
  ... Passed --   1.3  3   40   10194    4
Test (2C): Figure 8 ...
  ... Passed --  35.8  5 2216  592482   55
Test (2C): unreliable agreement ...
  ... Passed --   6.7  5  468  149654  246
Test (2C): Figure 8 (unreliable) ...
  ... Passed --  46.9  5 8340 16085969  451
Test (2C): churn ...
  ... Passed --  16.2  5 1387  802610  561
Test (2C): unreliable churn ...
  ... Passed --  16.1  5 1416  639025  201
Test (2D): snapshots basic ...
  ... Passed --   4.6  3  144   50528  214
Test (2D): install snapshots (disconnect) ...
  ... Passed --  57.9  3 1350  486522  338
Test (2D): install snapshots (disconnect+unreliable) ...
  ... Passed --  100.1  3 2508  854633  325
Test (2D): install snapshots (crash) ...
  ... Passed --  48.7  3 1083  420981  321
Test (2D): install snapshots (unreliable+crash) ...
  ... Passed --  73.2  3 1698  673325  331
Test (2D): crash and restart all servers ...
  ... Passed --   7.2  3  236   69962   54
PASS
ok  	6.824/raft	479.254s
Test (2A): initial election ...
  ... Passed --   3.1  3   56   15234    0
Test (2A): election after network failure ...
  ... Passed --   4.5  3  126   24872    0
Test (2A): multiple elections ...
  ... Passed --   5.6  7  600  114030    0
Test (2B): basic agreement ...
  ... Passed --   0.6  3   24    6052    3
Test (2B): RPC byte count ...
  ... Passed --   1.6  3   56  115988   11
Test (2B): agreement after follower reconnects ...
  ... Passed --   5.7  3  141   36154    8
Test (2B): no agreement if too many followers disconnect ...
  ... Passed --   3.3  5  294   59334    3
Test (2B): concurrent Start()s ...
  ... Passed --   0.7  3   22    5800    6
Test (2B): rejoin of partitioned leader ...
  ... Passed --   4.1  3  203   46329    4
Test (2B): leader backs up quickly over incorrect follower logs ...
  ... Passed --  19.7  5 2671 1714296  103
Test (2B): RPC counts aren't too high ...
  ... Passed --   2.1  3   38   10808   12
Test (2C): basic persistence ...
  ... Passed --   5.0  3  120   31462    7
Test (2C): more persistence ...
  ... Passed --  16.1  5 1285  261289   16
Test (2C): partitioned leader and one follower crash, leader restarts ...
  ... Passed --   1.2  3   39   10085    4
Test (2C): Figure 8 ...
  ... Passed --  40.5  5 2409  581633   59
Test (2C): unreliable agreement ...
  ... Passed --   7.0  5  484  155172  251
Test (2C): Figure 8 (unreliable) ...
  ... Passed --  53.3  5 9621 22742848   26
Test (2C): churn ...
  ... Passed --  16.1  5 1512  616319  461
Test (2C): unreliable churn ...
  ... Passed --  16.2  5 1235  367498  217
Test (2D): snapshots basic ...
  ... Passed --   4.5  3  142   50706  239
Test (2D): install snapshots (disconnect) ...
  ... Passed --  59.7  3 1367  503293  334
Test (2D): install snapshots (disconnect+unreliable) ...
  ... Passed --  95.8  3 2315  860444  344
Test (2D): install snapshots (crash) ...
  ... Passed --  40.5  3  957  368273  331
Test (2D): install snapshots (unreliable+crash) ...
  ... Passed --  80.9  3 1792  722794  345
Test (2D): crash and restart all servers ...
  ... Passed --   6.7  3  221   65906   50
PASS
ok  	6.824/raft	494.485s
Test (2A): initial election ...
  ... Passed --   3.1  3   52   14064    0
Test (2A): election after network failure ...
  ... Passed --   4.6  3  126   24876    0
Test (2A): multiple elections ...
  ... Passed --   5.6  7  653  122334    0
Test (2B): basic agreement ...
  ... Passed --   0.6  3   24    6088    3
Test (2B): RPC byte count ...
  ... Passed --   1.6  3   56  115888   11
Test (2B): agreement after follower reconnects ...
  ... Passed --   5.8  3  144   36892    8
Test (2B): no agreement if too many followers disconnect ...
  ... Passed --   3.4  5  297   60538    4
Test (2B): concurrent Start()s ...
  ... Passed --   0.7  3   18    4362    6
Test (2B): rejoin of partitioned leader ...
  ... Passed --   2.5  3  137   31619    4
Test (2B): leader backs up quickly over incorrect follower logs ...
  ... Passed --  19.8  5 2667 1713014  103
Test (2B): RPC counts aren't too high ...
  ... Passed --   2.0  3   42   11578   12
Test (2C): basic persistence ...
  ... Passed --   3.1  3   85   21647    6
Test (2C): more persistence ...
  ... Passed --  15.8  5 1239  254502   16
Test (2C): partitioned leader and one follower crash, leader restarts ...
  ... Passed --   1.2  3   40   10273    4
Test (2C): Figure 8 ...
  ... Passed --  41.9  5 2451  610850   52
Test (2C): unreliable agreement ...
  ... Passed --   5.3  5  439  144797  246
Test (2C): Figure 8 (unreliable) ...
  ... Passed --  54.2  5 9690 18745190  469
Test (2C): churn ...
  ... Passed --  16.4  5 2411 3720768  308
Test (2C): unreliable churn ...
  ... Passed --  16.4  5 1082  387180  138
Test (2D): snapshots basic ...
  ... Passed --   4.5  3  142   50884  230
Test (2D): install snapshots (disconnect) ...
  ... Passed --  60.8  3 1411  487683  321
Test (2D): install snapshots (disconnect+unreliable) ...
  ... Passed --  107.0  3 2606  915170  342
Test (2D): install snapshots (crash) ...
  ... Passed --  48.6  3 1079  439171  373
Test (2D): install snapshots (unreliable+crash) ...
  ... Passed --  75.4  3 1730  639124  349
Test (2D): crash and restart all servers ...
  ... Passed --   7.2  3  238   72230   55
PASS
ok  	6.824/raft	507.272s
Test (2A): initial election ...
  ... Passed --   3.1  3   56   15334    0
Test (2A): election after network failure ...
  ... Passed --   4.5  3  126   25062    0
Test (2A): multiple elections ...
  ... Passed --   5.5  7  765  145008    0
Test (2B): basic agreement ...
  ... Passed --   0.6  3   24    6052    3
Test (2B): RPC byte count ...
  ... Passed --   1.4  3   52  115082   11
Test (2B): agreement after follower reconnects ...
  ... Passed --   5.5  3  137   35504    8
Test (2B): no agreement if too many followers disconnect ...
  ... Passed --   3.6  5  305   61503    4
Test (2B): concurrent Start()s ...
  ... Passed --   0.8  3   22    5502    6
Test (2B): rejoin of partitioned leader ...
  ... Passed --   4.2  3  193   44615    4
Test (2B): leader backs up quickly over incorrect follower logs ...
  ... Passed --  17.7  5 2552 1671594  102
Test (2B): RPC counts aren't too high ...
  ... Passed --   2.1  3   44   12160   12
Test (2C): basic persistence ...
  ... Passed --   3.2  3   86   21812    6
Test (2C): more persistence ...
  ... Passed --  16.3  5 1264  260583   16
Test (2C): partitioned leader and one follower crash, leader restarts ...
  ... Passed --   1.2  3   40   10273    4
Test (2C): Figure 8 ...
  ... Passed --  34.7  5 2117  526888   37
Test (2C): unreliable agreement ...
  ... Passed --   4.4  5  378  125081  246
Test (2C): Figure 8 (unreliable) ...
  ... Passed --  48.9  5 9038 18455715  339
Test (2C): churn ...
  ... Passed --  16.6  5 1409  664240  487
Test (2C): unreliable churn ...
  ... Passed --  16.2  5 1629  954745  193
Test (2D): snapshots basic ...
  ... Passed --   4.5  3  142   49120  200
Test (2D): install snapshots (disconnect) ...
  ... Passed --  65.5  3 1475  528033  307
Test (2D): install snapshots (disconnect+unreliable) ...
  ... Passed --  96.0  3 2323  813682  325
Test (2D): install snapshots (crash) ...
  ... Passed --  39.8  3  928  352346  312
Test (2D): install snapshots (unreliable+crash) ...
  ... Passed --  90.3  3 1989  794663  356
Test (2D): crash and restart all servers ...
  ... Passed --   7.7  3  258   76662   59
PASS
ok  	6.824/raft	494.284s
Test (2A): initial election ...
  ... Passed --   3.2  3   58   15920    0
Test (2A): election after network failure ...
  ... Passed --   4.5  3  120   23208    0
Test (2A): multiple elections ...
  ... Passed --   5.5  7  749  146632    0
Test (2B): basic agreement ...
  ... Passed --   0.4  3   22    5470    3
Test (2B): RPC byte count ...
  ... Passed --   1.6  3   56  115888   11
Test (2B): agreement after follower reconnects ...
  ... Passed --   3.5  3  107   26171    7
Test (2B): no agreement if too many followers disconnect ...
  ... Passed --   3.7  5  328   67170    4
Test (2B): concurrent Start()s ...
  ... Passed --   0.6  3   20    4920    6
Test (2B): rejoin of partitioned leader ...
  ... Passed --   4.3  3  210   47941    4
Test (2B): leader backs up quickly over incorrect follower logs ...
  ... Passed --  17.6  5 2556 1661483  102
Test (2B): RPC counts aren't too high ...
  ... Passed --   2.2  3   40   11332   12
Test (2C): basic persistence ...
  ... Passed --   3.2  3   87   21765    6
Test (2C): more persistence ...
  ... Passed --  17.9  5 1316  275768   17
Test (2C): partitioned leader and one follower crash, leader restarts ...
  ... Passed --   1.2  3   33    8899    4
Test (2C): Figure 8 ...
  ... Passed --  39.7  5 2381  581135   55
Test (2C): unreliable agreement ...
  ... Passed --   4.7  5  412  133206  246
Test (2C): Figure 8 (unreliable) ...
  ... Passed --  50.9  5 9062 21658729  736
Test (2C): churn ...
  ... Passed --  16.4  5 1350  551225  328
Test (2C): unreliable churn ...
  ... Passed --  16.2  5 1330  469544  347
Test (2D): snapshots basic ...
  ... Passed --   4.5  3  144   50606  215
Test (2D): install snapshots (disconnect) ...
  ... Passed --  57.9  3 1339  490512  355
Test (2D): install snapshots (disconnect+unreliable) ...
  ... Passed --  97.7  3 2388  890104  356
Test (2D): install snapshots (crash) ...
  ... Passed --  43.1  3 1001  389825  343
Test (2D): install snapshots (unreliable+crash) ...
  ... Passed --  73.5  3 1690  637641  338
Test (2D): crash and restart all servers ...
  ... Passed --   7.2  3  236   70628   53
PASS
ok  	6.824/raft	481.518s
Test (2A): initial election ...
  ... Passed --   3.0  3   55   15140    0
Test (2A): election after network failure ...
  ... Passed --   4.6  3  128   24404    0
Test (2A): multiple elections ...
  ... Passed --   5.5  7  647  124740    0
Test (2B): basic agreement ...
  ... Passed --   0.6  3   24    6052    3
Test (2B): RPC byte count ...
  ... Passed --   1.6  3   56  115888   11
Test (2B): agreement after follower reconnects ...
  ... Passed --   5.7  3  144   36890    8
Test (2B): no agreement if too many followers disconnect ...
  ... Passed --   3.4  5  308   62370    4
Test (2B): concurrent Start()s ...
  ... Passed --   0.6  3   16    3766    6
Test (2B): rejoin of partitioned leader ...
  ... Passed --   6.1  3  242   57369    4
Test (2B): leader backs up quickly over incorrect follower logs ...
  ... Passed --  17.9  5 2448 1553546  102
Test (2B): RPC counts aren't too high ...
  ... Passed --   2.1  3   41   11216   12
Test (2C): basic persistence ...
  ... Passed --   3.2  3   86   21994    6
Test (2C): more persistence ...
  ... Passed --  15.7  5 1235  254033   16
Test (2C): partitioned leader and one follower crash, leader restarts ...
  ... Passed --   1.3  3   38    9576    4
Test (2C): Figure 8 ...
  ... Passed --  40.7  5 2433  625004   54
Test (2C): unreliable agreement ...
  ... Passed --   6.8  5  489  153149  250
Test (2C): Figure 8 (unreliable) ...
  ... Passed --  52.3  5 10070 18080390  935
Test (2C): churn ...
  ... Passed --  16.3  5 1557  632993  305
Test (2C): unreliable churn ...
  ... Passed --  16.3  5 1240  474234  222
Test (2D): snapshots basic ...
  ... Passed --   4.5  3  139   49356  207
Test (2D): install snapshots (disconnect) ...
  ... Passed --  57.6  3 1357  490796  325
Test (2D): install snapshots (disconnect+unreliable) ...
  ... Passed --  100.8  3 2468  885495  346
Test (2D): install snapshots (crash) ...
  ... Passed --  40.5  3  949  402121  361
Test (2D): install snapshots (unreliable+crash) ...
  ... Passed --  89.1  3 1989  754859  306
Test (2D): crash and restart all servers ...
  ... Passed --   8.4  3  274   81740   63
PASS
ok  	6.824/raft	504.985s
Test (2A): initial election ...
  ... Passed --   3.1  3   58   15818    0
Test (2A): election after network failure ...
  ... Passed --   4.6  3  129   25644    0
Test (2A): multiple elections ...
  ... Passed --   5.6  7  755  141456    0
Test (2B): basic agreement ...
  ... Passed --   0.6  3   24    6052    3
Test (2B): RPC byte count ...
  ... Passed --   1.5  3   55  115794   11
Test (2B): agreement after follower reconnects ...
  ... Passed --   5.4  3  133   34692    8
Test (2B): no agreement if too many followers disconnect ...
  ... Passed --   3.7  5  297   60380    3
Test (2B): concurrent Start()s ...
  ... Passed --   0.7  3   22    5498    6
Test (2B): rejoin of partitioned leader ...
  ... Passed --   6.3  3  238   56271    4
Test (2B): leader backs up quickly over incorrect follower logs ...
  ... Passed --  19.6  5 2648 1708373  103
Test (2B): RPC counts aren't too high ...
  ... Passed --   2.4  3   46   12738   12
Test (2C): basic persistence ...
  ... Passed --   3.0  3   84   21226    6
Test (2C): more persistence ...
  ... Passed --  16.5  5 1286  265740   16
Test (2C): partitioned leader and one follower crash, leader restarts ...
  ... Passed --   1.2  3   40   10179    4
Test (2C): Figure 8 ...
  ... Passed --  34.9  5 2017  479903   59
Test (2C): unreliable agreement ...
  ... Passed --   4.4  5  365  120730  246
Test (2C): Figure 8 (unreliable) ...
  ... Passed --  48.8  5 9195 26668526   46
Test (2C): churn ...
  ... Passed --  16.2  5 1351  728860  467
Test (2C): unreliable churn ...
  ... Passed --  16.5  5 1463  496818  210
Test (2D): snapshots basic ...
  ... Passed --   4.8  3  144   51220  230
Test (2D): install snapshots (disconnect) ...
  ... Passed --  46.8  3 1131  405865  309
Test (2D): install snapshots (disconnect+unreliable) ...
  ... Passed --  91.9  3 2261  811228  338
Test (2D): install snapshots (crash) ...
  ... Passed --  43.6  3  991  412549  368
Test (2D): install snapshots (unreliable+crash) ...
  ... Passed --  81.6  3 1834  682279  316
Test (2D): crash and restart all servers ...
  ... Passed --   5.9  3  202   61134   46
PASS
ok  	6.824/raft	469.623s
Test (2A): initial election ...
  ... Passed --   3.1  3   54   14742    0
Test (2A): election after network failure ...
  ... Passed --   4.6  3  122   23642    0
Test (2A): multiple elections ...
  ... Passed --   5.7  7  719  132930    0
Test (2B): basic agreement ...
  ... Passed --   0.4  3   22    5768    3
Test (2B): RPC byte count ...
  ... Passed --   1.6  3   56  115888   11
Test (2B): agreement after follower reconnects ...
  ... Passed --   5.6  3  137   35018    8
Test (2B): no agreement if too many followers disconnect ...
  ... Passed --   3.2  5  325   64875    3
Test (2B): concurrent Start()s ...
  ... Passed --   0.6  3   20    4920    6
Test (2B): rejoin of partitioned leader ...
  ... Passed --   6.1  3  239   56928    4
Test (2B): leader backs up quickly over incorrect follower logs ...
  ... Passed --  15.7  5 2366 1514549  102
Test (2B): RPC counts aren't too high ...
  ... Passed --   2.0  3   40   10992   12
Test (2C): basic persistence ...
  ... Passed --   3.3  3   88   22304    6
Test (2C): more persistence ...
  ... Passed --  16.0  5 1246  256006   16
Test (2C): partitioned leader and one follower crash, leader restarts ...
  ... Passed --   1.2  3   40   10273    4
Test (2C): Figure 8 ...
  ... Passed --  40.9  5 2352  590297   53
Test (2C): unreliable agreement ...
  ... Passed --   5.3  5  445  145674  246
Test (2C): Figure 8 (unreliable) ...
  ... Passed --  53.7  5 10188 18394725  276
Test (2C): churn ...
  ... Passed --  16.2  5 1692 1444306  337
Test (2C): unreliable churn ...
  ... Passed --  16.2  5 1344  553992  349
Test (2D): snapshots basic ...
  ... Passed --   4.5  3  142   50632  237
Test (2D): install snapshots (disconnect) ...
  ... Passed --  59.2  3 1366  493263  333
Test (2D): install snapshots (disconnect+unreliable) ...
  ... Passed --  92.3  3 2259  785347  340
Test (2D): install snapshots (crash) ...
  ... Passed --  38.5  3  927  360550  310
Test (2D): install snapshots (unreliable+crash) ...
  ... Passed --  89.8  3 2051  795463  394
Test (2D): crash and restart all servers ...
  ... Passed --   8.9  3  294   87706   68
PASS
ok  	6.824/raft	494.618s
Test (2A): initial election ...
  ... Passed --   3.1  3   58   16182    0
Test (2A): election after network failure ...
  ... Passed --   4.6  3  122   23916    0
Test (2A): multiple elections ...
  ... Passed --   5.6  7  557  106102    0
Test (2B): basic agreement ...
--- FAIL: TestBasicAgree2B (2.08s)
    config.go:607: one(100) failed to reach agreement
Test (2B): RPC byte count ...
  ... Passed --   1.6  3   56  115888   11
Test (2B): agreement after follower reconnects ...
  ... Passed --   3.6  3  109   27289    7
Test (2B): no agreement if too many followers disconnect ...
  ... Passed --   3.6  5  325   66495    4
Test (2B): concurrent Start()s ...
  ... Passed --   0.6  3   18    4628    6
Test (2B): rejoin of partitioned leader ...
  ... Passed --   6.3  3  244   57810    4
Test (2B): leader backs up quickly over incorrect follower logs ...
  ... Passed --  19.3  5 2626 1679983  103
Test (2B): RPC counts aren't too high ...
  ... Passed --   2.2  3   42   11910   12
Test (2C): basic persistence ...
  ... Passed --   3.4  3   97   23783    6
Test (2C): more persistence ...
  ... Passed --  16.2  5 1294  266138   16
Test (2C): partitioned leader and one follower crash, leader restarts ...
  ... Passed --   1.2  3   40   10273    4
Test (2C): Figure 8 ...
  ... Passed --  43.7  5 2661  742977   62
Test (2C): unreliable agreement ...
  ... Passed --   4.7  5  399  132513  246
Test (2C): Figure 8 (unreliable) ...
  ... Passed --  42.5  5 8058 23095612   57
Test (2C): churn ...
  ... Passed --  16.2  5 1620  829247  473
Test (2C): unreliable churn ...
  ... Passed --  16.2  5  953  311667  164
Test (2D): snapshots basic ...
  ... Passed --   4.6  3  141   49436  210
Test (2D): install snapshots (disconnect) ...
  ... Passed --  60.1  3 1375  511598  339
Test (2D): install snapshots (disconnect+unreliable) ...
  ... Passed --  97.0  3 2441  832371  336
Test (2D): install snapshots (crash) ...
  ... Passed --  42.5  3  987  370171  317
Test (2D): install snapshots (unreliable+crash) ...
  ... Passed --  83.2  3 1837  621341  326
Test (2D): crash and restart all servers ...
  ... Passed --   7.0  3  233   69400   53
FAIL
exit status 1
FAIL	6.824/raft	491.068s
Test (2A): initial election ...
  ... Passed --   3.0  3   56   15234    0
Test (2A): election after network failure ...
  ... Passed --   4.4  3  122   23884    0
Test (2A): multiple elections ...
  ... Passed --   5.8  7  676  125460    0
Test (2B): basic agreement ...
  ... Passed --   0.6  3   24    6052    3
Test (2B): RPC byte count ...
  ... Passed --   1.6  3   56  115888   11
Test (2B): agreement after follower reconnects ...
  ... Passed --   5.6  3  143   36571    8
Test (2B): no agreement if too many followers disconnect ...
  ... Passed --   3.6  5  300   60941    4
Test (2B): concurrent Start()s ...
  ... Passed --   0.6  3   19    4826    6
Test (2B): rejoin of partitioned leader ...
  ... Passed --   6.1  3  240   57172    4
Test (2B): leader backs up quickly over incorrect follower logs ...
  ... Passed --  19.5  5 2630 1689388  102
Test (2B): RPC counts aren't too high ...
  ... Passed --   2.1  3   44   12160   12
Test (2C): basic persistence ...
  ... Passed --   3.2  3   84   21521    6
Test (2C): more persistence ...
  ... Passed --  18.1  5 1374  286428   17
Test (2C): partitioned leader and one follower crash, leader restarts ...
  ... Passed --   1.4  3   42   10591    4
Test (2C): Figure 8 ...
  ... Passed --  35.9  5 2013  468006   48
Test (2C): unreliable agreement ...
  ... Passed --   7.1  5  503  161582  246
Test (2C): Figure 8 (unreliable) ...
  ... Passed --  44.7  5 8244 20270802   50
Test (2C): churn ...
  ... Passed --  16.5  5 1494 1992705  495
Test (2C): unreliable churn ...
  ... Passed --  16.2  5 1241  454388  230
Test (2D): snapshots basic ...
  ... Passed --   4.7  3  144   49284  190
Test (2D): install snapshots (disconnect) ...
  ... Passed --  50.9  3 1230  460355  336
Test (2D): install snapshots (disconnect+unreliable) ...
  ... Passed --  104.3  3 2620  920033  332
Test (2D): install snapshots (crash) ...
  ... Passed --  39.4  3  922  374130  320
Test (2D): install snapshots (unreliable+crash) ...
  ... Passed --  84.0  3 1895  749302  340
Test (2D): crash and restart all servers ...
  ... Passed --   6.4  3  214   63198   48
PASS
ok  	6.824/raft	485.861s
Test (2A): initial election ...
  ... Passed --   3.1  3   54   14646    0
Test (2A): election after network failure ...
  ... Passed --   4.7  3  124   24642    0
Test (2A): multiple elections ...
  ... Passed --   5.5  7  563  104792    0
Test (2B): basic agreement ...
  ... Passed --   0.6  3   23    5958    3
Test (2B): RPC byte count ...
  ... Passed --   1.6  3   55  115794   11
Test (2B): agreement after follower reconnects ...
  ... Passed --   5.5  3  140   36214    8
Test (2B): no agreement if too many followers disconnect ...
  ... Passed --   3.3  5  294   59326    3
Test (2B): concurrent Start()s ...
  ... Passed --   0.6  3   20    4920    6
Test (2B): rejoin of partitioned leader ...
  ... Passed --   4.1  3  205   47155    4
Test (2B): leader backs up quickly over incorrect follower logs ...
  ... Passed --  19.4  5 2630 1689828  103
Test (2B): RPC counts aren't too high ...
  ... Passed --   2.3  3   46   12822   12
Test (2C): basic persistence ...
  ... Passed --   3.0  3   86   21930    6
Test (2C): more persistence ...
  ... Passed --  20.2  5 1548  325172   18
Test (2C): partitioned leader and one follower crash, leader restarts ...
  ... Passed --   1.2  3   39   10040    4
Test (2C): Figure 8 ...
  ... Passed --  39.4  5 2258  529130   59
Test (2C): unreliable agreement ...
  ... Passed --   4.8  5  400  132636  246
Test (2C): Figure 8 (unreliable) ...
  ... Passed --  50.1  5 9617 17778080  676
Test (2C): churn ...
  ... Passed --  16.2  5 1289  741267  514
Test (2C): unreliable churn ...
  ... Passed --  16.5  5 1363  547747  211
Test (2D): snapshots basic ...
  ... Passed --   4.7  3  146   51422  227
Test (2D): install snapshots (disconnect) ...
  ... Passed --  55.1  3 1305  503048  329
Test (2D): install snapshots (disconnect+unreliable) ...
  ... Passed --  93.2  3 2326  837333  323
Test (2D): install snapshots (crash) ...
  ... Passed --  40.3  3  942  363658  341
Test (2D): install snapshots (unreliable+crash) ...
  ... Passed --  83.2  3 1871  694602  331
Test (2D): crash and restart all servers ...
  ... Passed --   8.3  3  274   81560   63
PASS
ok  	6.824/raft	486.715s
Test (2A): initial election ...
  ... Passed --   3.1  3   54   14646    0
Test (2A): election after network failure ...
  ... Passed --   4.5  3  128   24494    0
Test (2A): multiple elections ...
  ... Passed --   5.3  7  611  112412    0
Test (2B): basic agreement ...
  ... Passed --   0.5  3   24    6052    3
Test (2B): RPC byte count ...
  ... Passed --   1.6  3   56  115988   11
Test (2B): agreement after follower reconnects ...
  ... Passed --   3.9  3  110   27161    7
Test (2B): no agreement if too many followers disconnect ...
  ... Passed --   3.7  5  316   63830    4
Test (2B): concurrent Start()s ...
  ... Passed --   0.6  3   16    3770    6
Test (2B): rejoin of partitioned leader ...
  ... Passed --   4.4  3  212   48747    4
Test (2B): leader backs up quickly over incorrect follower logs ...
  ... Passed --  19.8  5 2658 1703724  103
Test (2B): RPC counts aren't too high ...
  ... Passed --   2.1  3   44   12160   12
Test (2C): basic persistence ...
  ... Passed --   2.9  3   80   20532    6
Test (2C): more persistence ...
  ... Passed --  15.8  5 1252  256122   16
Test (2C): partitioned leader and one follower crash, leader restarts ...
  ... Passed --   1.1  3   37    9388    4
Test (2C): Figure 8 ...
  ... Passed --  37.4  5 2213  545235   45
Test (2C): unreliable agreement ...
  ... Passed --   4.6  5  386  127475  246
Test (2C): Figure 8 (unreliable) ...
  ... Passed --  38.8  5 3540 2139352  325
Test (2C): churn ...
  ... Passed --  16.1  5 1686 1114641  162
Test (2C): unreliable churn ...
  ... Passed --  16.5  5 1597  574615  205
Test (2D): snapshots basic ...
  ... Passed --   4.5  3  142   50220  214
Test (2D): install snapshots (disconnect) ...
  ... Passed --  54.5  3 1285  513018  390
Test (2D): install snapshots (disconnect+unreliable) ...
  ... Passed --  98.1  3 2486  939854  358
Test (2D): install snapshots (crash) ...
  ... Passed --  43.5  3  992  377455  313
Test (2D): install snapshots (unreliable+crash) ...
  ... Passed --  89.6  3 1985  784692  343
Test (2D): crash and restart all servers ...
  ... Passed --   8.3  3  274   83324   64
PASS
ok  	6.824/raft	481.200s
Test (2A): initial election ...
  ... Passed --   3.0  3   52   14156    0
Test (2A): election after network failure ...
  ... Passed --   4.6  3  126   24702    0
Test (2A): multiple elections ...
  ... Passed --   5.6  7  613  114378    0
Test (2B): basic agreement ...
  ... Passed --   0.6  3   24    6052    3
Test (2B): RPC byte count ...
  ... Passed --   1.6  3   56  115988   11
Test (2B): agreement after follower reconnects ...
  ... Passed --   5.7  3  141   36429    8
Test (2B): no agreement if too many followers disconnect ...
  ... Passed --   3.4  5  313   61589    3
Test (2B): concurrent Start()s ...
  ... Passed --   0.8  3   22    5502    6
Test (2B): rejoin of partitioned leader ...
  ... Passed --   6.3  3  243   57720    4
Test (2B): leader backs up quickly over incorrect follower logs ...
  ... Passed --  15.6  5 2353 1514903  102
Test (2B): RPC counts aren't too high ...
  ... Passed --   2.2  3   45   12648   12
Test (2C): basic persistence ...
  ... Passed --   3.2  3   88   22478    6
Test (2C): more persistence ...
  ... Passed --  16.2  5 1280  263861   16
Test (2C): partitioned leader and one follower crash, leader restarts ...
  ... Passed --   1.2  3   40   10273    4
Test (2C): Figure 8 ...
  ... Passed --  36.7  5 2171  516548   48
Test (2C): unreliable agreement ...
  ... Passed --   4.8  5  403  132865  246
Test (2C): Figure 8 (unreliable) ...
  ... Passed --  46.1  5 8702 25373418    5
Test (2C): churn ...
  ... Passed --  16.1  5 1319  701164  560
Test (2C): unreliable churn ...
  ... Passed --  16.2  5 1438  781817  259
Test (2D): snapshots basic ...
  ... Passed --   4.7  3  144   50056  209
Test (2D): install snapshots (disconnect) ...
  ... Passed --  64.0  3 1460  526305  324
Test (2D): install snapshots (disconnect+unreliable) ...
  ... Passed --  99.4  3 2389  954509  394
Test (2D): install snapshots (crash) ...
  ... Passed --  37.1  3  884  359246  357
Test (2D): install snapshots (unreliable+crash) ...
  ... Passed --  90.8  3 2033  751880  345
Test (2D): crash and restart all servers ...
  ... Passed --   7.5  3  252   76504   58
PASS
ok  	6.824/raft	493.249s
Test (2A): initial election ...
  ... Passed --   3.1  3   58   15920    0
Test (2A): election after network failure ...
  ... Passed --   4.5  3  120   23330    0
Test (2A): multiple elections ...
  ... Passed --   5.5  7  622  116194    0
Test (2B): basic agreement ...
  ... Passed --   0.6  3   24    6052    3
Test (2B): RPC byte count ...
  ... Passed --   1.5  3   54  115664   11
Test (2B): agreement after follower reconnects ...
  ... Passed --   5.7  3  134   34955    8
Test (2B): no agreement if too many followers disconnect ...
--- FAIL: TestFailNoAgree2B (2.29s)
    config.go:607: one(10) failed to reach agreement
Test (2B): concurrent Start()s ...
  ... Passed --   0.6  3   20    4920    6
Test (2B): rejoin of partitioned leader ...
  ... Passed --   6.0  3  226   54054    4
Test (2B): leader backs up quickly over incorrect follower logs ...
  ... Passed --  19.3  5 2632 1698830  103
Test (2B): RPC counts aren't too high ...
  ... Passed --   2.2  3   44   12160   12
Test (2C): basic persistence ...
  ... Passed --   3.1  3   86   21718    6
Test (2C): more persistence ...
  ... Passed --  16.1  5 1268  261388   16
Test (2C): partitioned leader and one follower crash, leader restarts ...
  ... Passed --   1.1  3   38    9946    4
Test (2C): Figure 8 ...
  ... Passed --  41.3  5 2453  564228   56
Test (2C): unreliable agreement ...
  ... Passed --   4.9  5  416  136749  246
Test (2C): Figure 8 (unreliable) ...
--- FAIL: TestFigure8Unreliable2C (56.41s)
    config.go:614: one(1852) failed to reach agreement
Test (2C): churn ...
  ... Passed --  16.6  5 1059  461188  278
Test (2C): unreliable churn ...
  ... Passed --  16.2  5 1293  398623  100
Test (2D): snapshots basic ...
  ... Passed --   4.7  3  144   50234  213
Test (2D): install snapshots (disconnect) ...
  ... Passed --  49.2  3 1181  436808  290
Test (2D): install snapshots (disconnect+unreliable) ...
  ... Passed --  90.3  3 2241  870364  363
Test (2D): install snapshots (crash) ...
  ... Passed --  44.6  3 1002  371368  304
Test (2D): install snapshots (unreliable+crash) ...
  ... Passed --  75.3  3 1774  664274  312
Test (2D): crash and restart all servers ...
  ... Passed --   9.3  3  302   91988   71
FAIL
exit status 1
FAIL	6.824/raft	480.287s
Test (2A): initial election ...
  ... Passed --   3.1  3   56   15234    0
Test (2A): election after network failure ...
  ... Passed --   4.5  3  123   24396    0
Test (2A): multiple elections ...
  ... Passed --   5.6  7  653  129122    0
Test (2B): basic agreement ...
  ... Passed --   0.5  3   24    6052    3
Test (2B): RPC byte count ...
  ... Passed --   1.4  3   54  115668   11
Test (2B): agreement after follower reconnects ...
  ... Passed --   3.8  3  111   27613    7
Test (2B): no agreement if too many followers disconnect ...
  ... Passed --   3.3  5  300   60551    3
Test (2B): concurrent Start()s ...
  ... Passed --   0.5  3   20    4920    6
Test (2B): rejoin of partitioned leader ...
  ... Passed --   4.3  3  210   48110    4
Test (2B): leader backs up quickly over incorrect follower logs ...
  ... Passed --  19.5  5 2654 1708132  102
Test (2B): RPC counts aren't too high ...
  ... Passed --   2.2  3   46   12738   12
Test (2C): basic persistence ...
  ... Passed --   3.1  3   88   22124    6
Test (2C): more persistence ...
  ... Passed --  16.0  5 1242  255740   16
Test (2C): partitioned leader and one follower crash, leader restarts ...
  ... Passed --   1.2  3   40   10273    4
Test (2C): Figure 8 ...
  ... Passed --  41.1  5 2412  552699   68
Test (2C): unreliable agreement ...
  ... Passed --   5.2  5  418  137985  246
Test (2C): Figure 8 (unreliable) ...
  ... Passed --  46.5  5 8316 15433839  653
Test (2C): churn ...
  ... Passed --  16.6  5 1782 1071731  393
Test (2C): unreliable churn ...
  ... Passed --  16.3  5 1383  589477  232
Test (2D): snapshots basic ...
  ... Passed --   4.6  3  144   51622  247
Test (2D): install snapshots (disconnect) ...
  ... Passed --  61.4  3 1412  564489  365
Test (2D): install snapshots (disconnect+unreliable) ...
  ... Passed --  97.7  3 2336  865907  328
Test (2D): install snapshots (crash) ...
  ... Passed --  42.1  3  970  356121  310
Test (2D): install snapshots (unreliable+crash) ...
  ... Passed --  76.8  3 1762  669166  337
Test (2D): crash and restart all servers ...
  ... Passed --   8.3  3  274   81560   63
PASS
ok  	6.824/raft	485.604s
Test (2A): initial election ...
  ... Passed --   3.1  3   52   14064    0
Test (2A): election after network failure ...
  ... Passed --   4.5  3  126   24900    0
Test (2A): multiple elections ...
  ... Passed --   5.5  7  623  121670    0
Test (2B): basic agreement ...
  ... Passed --   0.6  3   23    5958    3
Test (2B): RPC byte count ...
  ... Passed --   1.6  3   56  115888   11
Test (2B): agreement after follower reconnects ...
  ... Passed --   3.8  3  110   27313    7
Test (2B): no agreement if too many followers disconnect ...
  ... Passed --   3.4  5  307   61941    3
Test (2B): concurrent Start()s ...
  ... Passed --   0.6  3   18    4628    6
Test (2B): rejoin of partitioned leader ...
  ... Passed --   6.3  3  244   57981    4
Test (2B): leader backs up quickly over incorrect follower logs ...
  ... Passed --  17.5  5 2545 1658289  102
Test (2B): RPC counts aren't too high ...
  ... Passed --   2.3  3   48   13324   12
Test (2C): basic persistence ...
  ... Passed --   3.2  3   88   22584    6
Test (2C): more persistence ...
  ... Passed --  16.1  5 1279  261826   16
Test (2C): partitioned leader and one follower crash, leader restarts ...
  ... Passed --   0.9  3   33    8623    4
Test (2C): Figure 8 ...
  ... Passed --  34.1  5 2031  481150   44
Test (2C): unreliable agreement ...
  ... Passed --   7.1  5  506  163871  246
Test (2C): Figure 8 (unreliable) ...
  ... Passed --  50.8  5 9497 20050157  255
Test (2C): churn ...
  ... Passed --  16.5  5 1639 1256450  256
Test (2C): unreliable churn ...
  ... Passed --  16.5  5 1487  824595  134
Test (2D): snapshots basic ...
  ... Passed --   4.7  3  144   51002  232
Test (2D): install snapshots (disconnect) ...
  ... Passed --  54.3  3 1272  472343  317
Test (2D): install snapshots (disconnect+unreliable) ...
  ... Passed --  96.7  3 2334  872760  365
Test (2D): install snapshots (crash) ...
  ... Passed --  41.5  3  980  399088  342
Test (2D): install snapshots (unreliable+crash) ...
  ... Passed --  76.3  3 1746  612033  317
Test (2D): crash and restart all servers ...
  ... Passed --   6.2  3  210   63598   48
PASS
ok  	6.824/raft	473.942s
Test (2A): initial election ...
  ... Passed --   3.0  3   50   13482    0
Test (2A): election after network failure ...
  ... Passed --   4.5  3  130   25560    0
Test (2A): multiple elections ...
  ... Passed --   5.6  7  666  125338    0
Test (2B): basic agreement ...
  ... Passed --   0.6  3   24    6088    3
Test (2B): RPC byte count ...
  ... Passed --   1.4  3   54  115664   11
Test (2B): agreement after follower reconnects ...
  ... Passed --   5.6  3  140   35724    8
Test (2B): no agreement if too many followers disconnect ...
  ... Passed --   3.4  5  313   63011    4
Test (2B): concurrent Start()s ...
  ... Passed --   0.7  3   20    5210    6
Test (2B): rejoin of partitioned leader ...
  ... Passed --   4.3  3  209   47967    4
Test (2B): leader backs up quickly over incorrect follower logs ...
  ... Passed --  15.6  5 2358 1503110  102
Test (2B): RPC counts aren't too high ...
  ... Passed --   2.2  3   46   12742   12
Test (2C): basic persistence ...
  ... Passed --   3.1  3   82   20904    6
Test (2C): more persistence ...
  ... Passed --  16.0  5 1229  253005   16
Test (2C): partitioned leader and one follower crash, leader restarts ...
  ... Passed --   1.2  3   40   10273    4
Test (2C): Figure 8 ...
  ... Passed --  34.9  5 2109  526359   48
Test (2C): unreliable agreement ...
  ... Passed --   4.1  5  358  117676  246
Test (2C): Figure 8 (unreliable) ...
  ... Passed --  47.1  5 9113 14650567  342
Test (2C): churn ...
  ... Passed --  16.3  5 1623  788508  365
Test (2C): unreliable churn ...
  ... Passed --  16.3  5  983  324849  181
Test (2D): snapshots basic ...
  ... Passed --   4.7  3  144   50956  231
Test (2D): install snapshots (disconnect) ...
  ... Passed --  55.2  3 1294  494683  349
Test (2D): install snapshots (disconnect+unreliable) ...
  ... Passed --  98.0  3 2343  888026  334
Test (2D): install snapshots (crash) ...
  ... Passed --  35.8  3  871  366825  369
Test (2D): install snapshots (unreliable+crash) ...
  ... Passed --  82.6  3 1891  668749  291
Test (2D): crash and restart all servers ...
  ... Passed --   8.5  3  278   82786   64
PASS
ok  	6.824/raft	470.638s
Test (2A): initial election ...
  ... Passed --   3.1  3   54   14646    0
Test (2A): election after network failure ...
  ... Passed --   4.5  3  122   23880    0
Test (2A): multiple elections ...
  ... Passed --   5.5  7  601  120188    0
Test (2B): basic agreement ...
  ... Passed --   0.6  3   23    5958    3
Test (2B): RPC byte count ...
  ... Passed --   1.6  3   56  115888   11
Test (2B): agreement after follower reconnects ...
  ... Passed --   5.8  3  139   35978    8
Test (2B): no agreement if too many followers disconnect ...
  ... Passed --   3.5  5  313   62081    3
Test (2B): concurrent Start()s ...
  ... Passed --   0.6  3   20    4920    6
Test (2B): rejoin of partitioned leader ...
  ... Passed --   4.0  3  210   47863    4
Test (2B): leader backs up quickly over incorrect follower logs ...
  ... Passed --  19.4  5 2615 1700361  103
Test (2B): RPC counts aren't too high ...
  ... Passed --   2.1  3   40   11326   12
Test (2C): basic persistence ...
  ... Passed --   3.1  3   90   22420    6
Test (2C): more persistence ...
  ... Passed --  18.0  5 1352  283793   17
Test (2C): partitioned leader and one follower crash, leader restarts ...
  ... Passed --   1.2  3   39   10040    4
Test (2C): Figure 8 ...
  ... Passed --  32.4  5 1956  456926   44
Test (2C): unreliable agreement ...
  ... Passed --   4.9  5  407  134241  246
Test (2C): Figure 8 (unreliable) ...
  ... Passed --  42.7  5 8256 18799459  631
Test (2C): churn ...
  ... Passed --  16.1  5 1326  755862  515
Test (2C): unreliable churn ...
  ... Passed --  16.2  5 1235  398110  157
Test (2D): snapshots basic ...
  ... Passed --   4.6  3  144   50756  226
Test (2D): install snapshots (disconnect) ...
  ... Passed --  62.5  3 1419  497039  305
Test (2D): install snapshots (disconnect+unreliable) ...
  ... Passed --  89.4  3 2188  752865  317
Test (2D): install snapshots (crash) ...
  ... Passed --  50.9  3 1132  422376  314
Test (2D): install snapshots (unreliable+crash) ...
  ... Passed --  87.1  3 1948  677713  339
Test (2D): crash and restart all servers ...
  ... Passed --   7.5  3  250   74214   57
PASS
ok  	6.824/raft	487.259s
Test (2A): initial election ...
  ... Passed --   3.1  3   54   14742    0
Test (2A): election after network failure ...
  ... Passed --   4.5  3  122   23794    0
Test (2A): multiple elections ...
  ... Passed --   5.6  7  701  133518    0
Test (2B): basic agreement ...
  ... Passed --   0.6  3   24    6052    3
Test (2B): RPC byte count ...
  ... Passed --   1.6  3   56  115888   11
Test (2B): agreement after follower reconnects ...
  ... Passed --   3.6  3  108   26949    7
Test (2B): no agreement if too many followers disconnect ...
  ... Passed --   3.6  5  301   61063    4
Test (2B): concurrent Start()s ...
  ... Passed --   0.6  3   20    4920    6
Test (2B): rejoin of partitioned leader ...
  ... Passed --   4.5  3  166   40279    5
Test (2B): leader backs up quickly over incorrect follower logs ...
  ... Passed --  19.6  5 2653 1717094  103
Test (2B): RPC counts aren't too high ...
  ... Passed --   2.1  3   44   12160   12
Test (2C): basic persistence ...
  ... Passed --   3.2  3   87   22177    6
Test (2C): more persistence ...
  ... Passed --  13.6  5 1160  232046   16
Test (2C): partitioned leader and one follower crash, leader restarts ...
  ... Passed --   1.2  3   40   10273    4
Test (2C): Figure 8 ...
  ... Passed --  36.2  5 2117  514590   41
Test (2C): unreliable agreement ...
  ... Passed --   5.2  5  450  144195  246
Test (2C): Figure 8 (unreliable) ...
  ... Passed --  45.4  5 6786 12706880  266
Test (2C): churn ...
  ... Passed --  16.3  5 1003  401372  111
Test (2C): unreliable churn ...
  ... Passed --  16.6  5 1218  513962  228
Test (2D): snapshots basic ...
  ... Passed --   4.7  3  144   50846  228
Test (2D): install snapshots (disconnect) ...
  ... Passed --  54.7  3 1276  493706  321
Test (2D): install snapshots (disconnect+unreliable) ...
  ... Passed --  89.7  3 2261  851284  333
Test (2D): install snapshots (crash) ...
  ... Passed --  41.4  3  973  390008  319
Test (2D): install snapshots (unreliable+crash) ...
  ... Passed --  72.9  3 1714  656945  335
Test (2D): crash and restart all servers ...
  ... Passed --   6.4  3  214   63290   48
PASS
ok  	6.824/raft	456.974s
Test (2A): initial election ...
  ... Passed --   3.1  3   54   15288    0
Test (2A): election after network failure ...
  ... Passed --   4.4  3  116   22058    0
Test (2A): multiple elections ...
  ... Passed --   5.4  7  616  119720    0
Test (2B): basic agreement ...
  ... Passed --   0.4  3   20    5182    3
Test (2B): RPC byte count ...
  ... Passed --   1.6  3   56  115888   11
Test (2B): agreement after follower reconnects ...
  ... Passed --   5.5  3  138   35758    8
Test (2B): no agreement if too many followers disconnect ...
  ... Passed --   3.4  5  297   60393    4
Test (2B): concurrent Start()s ...
  ... Passed --   0.6  3   20    4920    6
Test (2B): rejoin of partitioned leader ...
  ... Passed --   4.1  3  205   46683    4
Test (2B): leader backs up quickly over incorrect follower logs ...
  ... Passed --  17.7  5 2547 1659927  102
Test (2B): RPC counts aren't too high ...
  ... Passed --   2.1  3   44   12236   12
Test (2C): basic persistence ...
  ... Passed --   3.0  3   83   21421    6
Test (2C): more persistence ...
  ... Passed --  15.8  5 1254  257716   16
Test (2C): partitioned leader and one follower crash, leader restarts ...
  ... Passed --   1.4  3   38    9670    4
Test (2C): Figure 8 ...
  ... Passed --  35.7  5 2198  540662   50
Test (2C): unreliable agreement ...
  ... Passed --   4.8  5  404  133706  246
Test (2C): Figure 8 (unreliable) ...
  ... Passed --  45.0  5 8305 20921980   41
Test (2C): churn ...
  ... Passed --  16.5  5 1433  879772  435
Test (2C): unreliable churn ...
  ... Passed --  16.6  5 1784  799134  209
Test (2D): snapshots basic ...
  ... Passed --   4.6  3  146   51370  226
Test (2D): install snapshots (disconnect) ...
  ... Passed --  57.3  3 1338  548501  383
Test (2D): install snapshots (disconnect+unreliable) ...
  ... Passed --  98.1  3 2375 1014062  406
Test (2D): install snapshots (crash) ...
  ... Passed --  37.2  3  888  328867  314
Test (2D): install snapshots (unreliable+crash) ...
  ... Passed --  81.5  3 1817  658204  356
Test (2D): crash and restart all servers ...
  ... Passed --   6.9  3  224   67170   51
PASS
ok  	6.824/raft	472.674s
Test (2A): initial election ...
  ... Passed --   3.1  3   56   15236    0
Test (2A): election after network failure ...
  ... Passed --   4.5  3  122   23826    0
Test (2A): multiple elections ...
  ... Passed --   5.5  7  611  112022    0
Test (2B): basic agreement ...
  ... Passed --   0.7  3   22    5496    3
Test (2B): RPC byte count ...
  ... Passed --   1.6  3   56  115888   11
Test (2B): agreement after follower reconnects ...
  ... Passed --   5.7  3  141   36208    8
Test (2B): no agreement if too many followers disconnect ...
  ... Passed --   3.6  5  325   66473    4
Test (2B): concurrent Start()s ...
  ... Passed --   0.6  3   18    4628    6
Test (2B): rejoin of partitioned leader ...
  ... Passed --   4.2  3  211   48343    4
Test (2B): leader backs up quickly over incorrect follower logs ...
  ... Passed --  19.2  5 2611 1684619  103
Test (2B): RPC counts aren't too high ...
  ... Passed --   2.2  3   44   12160   12
Test (2C): basic persistence ...
  ... Passed --   3.4  3   91   23025    6
Test (2C): more persistence ...
  ... Passed --  15.5  5 1206  249362   16
Test (2C): partitioned leader and one follower crash, leader restarts ...
  ... Passed --   1.2  3   40   10100    4
Test (2C): Figure 8 ...
  ... Passed --  38.5  5 2403  559396   52
Test (2C): unreliable agreement ...
  ... Passed --   5.1  5  425  139401  246
Test (2C): Figure 8 (unreliable) ...
  ... Passed --  51.8  5 10046 15511930  126
Test (2C): churn ...
  ... Passed --  16.1  5 1153  485115  348
Test (2C): unreliable churn ...
  ... Passed --  16.6  5 1294  723415   94
Test (2D): snapshots basic ...
  ... Passed --   4.5  3  140   49768  217
Test (2D): install snapshots (disconnect) ...
  ... Passed --  60.5  3 1382  551525  383
Test (2D): install snapshots (disconnect+unreliable) ...
  ... Passed --  107.2  3 2622  963714  343
Test (2D): install snapshots (crash) ...
  ... Passed --  39.0  3  903  351226  311
Test (2D): install snapshots (unreliable+crash) ...
  ... Passed --  94.1  3 2077  741647  318
Test (2D): crash and restart all servers ...
  ... Passed --   7.9  3  264   80208   61
PASS
ok  	6.824/raft	512.642s
Test (2A): initial election ...
  ... Passed --   3.1  3   58   15816    0
Test (2A): election after network failure ...
  ... Passed --   4.6  3  123   24318    0
Test (2A): multiple elections ...
  ... Passed --   6.1  7  881  167938    0
Test (2B): basic agreement ...
  ... Passed --   0.6  3   24    6052    3
Test (2B): RPC byte count ...
  ... Passed --   1.6  3   56  115888   11
Test (2B): agreement after follower reconnects ...
  ... Passed --   5.7  3  144   36794    8
Test (2B): no agreement if too many followers disconnect ...
  ... Passed --   3.4  5  301   61363    4
Test (2B): concurrent Start()s ...
  ... Passed --   0.5  3   20    4920    6
Test (2B): rejoin of partitioned leader ...
  ... Passed --   6.3  3  237   56221    4
Test (2B): leader backs up quickly over incorrect follower logs ...
  ... Passed --  19.6  5 2645 1697461  103
Test (2B): RPC counts aren't too high ...
  ... Passed --   2.3  3   46   12738   12
Test (2C): basic persistence ...
  ... Passed --   3.3  3   96   23468    6
Test (2C): more persistence ...
  ... Passed --  18.0  5 1337  279578   17
Test (2C): partitioned leader and one follower crash, leader restarts ...
  ... Passed --   1.1  3   37    9467    4
Test (2C): Figure 8 ...
  ... Passed --  34.9  5 2139  510398   55
Test (2C): unreliable agreement ...
  ... Passed --   4.7  5  396  130199  246
Test (2C): Figure 8 (unreliable) ...
  ... Passed --  47.3  5 9288 17616123  257
Test (2C): churn ...
  ... Passed --  16.5  5 1375  872487  332
Test (2C): unreliable churn ...
  ... Passed --  16.4  5 1232  598134  294
Test (2D): snapshots basic ...
  ... Passed --   4.8  3  144   50632  223
Test (2D): install snapshots (disconnect) ...
  ... Passed --  59.8  3 1390  505022  321
Test (2D): install snapshots (disconnect+unreliable) ...
  ... Passed --  96.7  3 2386  915312  345
Test (2D): install snapshots (crash) ...
  ... Passed --  37.7  3  894  328325  293
Test (2D): install snapshots (unreliable+crash) ...
  ... Passed --  82.7  3 1857  682152  330
Test (2D): crash and restart all servers ...
  ... Passed --   7.4  3  246   74102   56
PASS
ok  	6.824/raft	485.031s
Test (2A): initial election ...
  ... Passed --   3.1  3   52   14064    0
Test (2A): election after network failure ...
  ... Passed --   4.6  3  122   25244    0
Test (2A): multiple elections ...
  ... Passed --   5.5  7  719  134584    0
Test (2B): basic agreement ...
  ... Passed --   0.6  3   24    6052    3
Test (2B): RPC byte count ...
  ... Passed --   1.4  3   52  115082   11
Test (2B): agreement after follower reconnects ...
  ... Passed --   5.6  3  140   35825    8
Test (2B): no agreement if too many followers disconnect ...
  ... Passed --   3.5  5  303   61339    4
Test (2B): concurrent Start()s ...
  ... Passed --   0.6  3   16    3776    6
Test (2B): rejoin of partitioned leader ...
  ... Passed --   4.1  3  204   46667    4
Test (2B): leader backs up quickly over incorrect follower logs ...
  ... Passed --  19.3  5 2643 1705728  102
Test (2B): RPC counts aren't too high ...
  ... Passed --   2.1  3   44   11956   12
Test (2C): basic persistence ...
  ... Passed --   3.1  3   87   22113    6
Test (2C): more persistence ...
  ... Passed --  16.0  5 1242  255202   16
Test (2C): partitioned leader and one follower crash, leader restarts ...
  ... Passed --   1.1  3   37    9467    4
Test (2C): Figure 8 ...
  ... Passed --  37.5  5 2314  600220   51
Test (2C): unreliable agreement ...
  ... Passed --   4.5  5  376  127273  246
Test (2C): Figure 8 (unreliable) ...
  ... Passed --  51.2  5 9635 22470587  789
Test (2C): churn ...
  ... Passed --  16.2  5 1410  576489  485
Test (2C): unreliable churn ...
  ... Passed --  16.4  5 1645  680525  240
Test (2D): snapshots basic ...
  ... Passed --   4.8  3  141   50000  219
Test (2D): install snapshots (disconnect) ...
  ... Passed --  59.6  3 1364  502237  326
Test (2D): install snapshots (disconnect+unreliable) ...
  ... Passed --  101.5  3 2429  934661  368
Test (2D): install snapshots (crash) ...
  ... Passed --  44.1  3 1004  422455  327
Test (2D): install snapshots (unreliable+crash) ...
  ... Passed --  67.6  3 1590  640035  313
Test (2D): crash and restart all servers ...
  ... Passed --   8.8  3  294   88822   68
PASS
ok  	6.824/raft	482.934s
Test (2A): initial election ...
  ... Passed --   3.0  3   54   14388    0
Test (2A): election after network failure ...
  ... Passed --   4.6  3  124   24078    0
Test (2A): multiple elections ...
  ... Passed --   5.7  7  681  125628    0
Test (2B): basic agreement ...
  ... Passed --   0.6  3   24    6052    3
Test (2B): RPC byte count ...
  ... Passed --   1.5  3   56  115888   11
Test (2B): agreement after follower reconnects ...
  ... Passed --   3.8  3  107   26567    7
Test (2B): no agreement if too many followers disconnect ...
  ... Passed --   3.7  5  317   63955    4
Test (2B): concurrent Start()s ...
  ... Passed --   0.6  3   19    4826    6
Test (2B): rejoin of partitioned leader ...
  ... Passed --   4.2  3  203   46522    4
Test (2B): leader backs up quickly over incorrect follower logs ...
  ... Passed --  19.3  5 2611 1689937  102
Test (2B): RPC counts aren't too high ...
  ... Passed --   2.1  3   38   10470   12
Test (2C): basic persistence ...
  ... Passed --   3.0  3   87   22127    6
Test (2C): more persistence ...
  ... Passed --  15.5  5 1216  249742   16
Test (2C): partitioned leader and one follower crash, leader restarts ...
  ... Passed --   1.2  3   40   10273    4
Test (2C): Figure 8 ...
  ... Passed --  33.1  5 2007  497080   45
Test (2C): unreliable agreement ...
  ... Passed --   4.9  5  418  137315  246
Test (2C): Figure 8 (unreliable) ...
--- FAIL: TestFigure8Unreliable2C (50.36s)
    config.go:614: one(2646) failed to reach agreement
Test (2C): churn ...
  ... Passed --  16.2  5 1261  549067  229
Test (2C): unreliable churn ...
  ... Passed --  16.4  5 1279  571524  205
Test (2D): snapshots basic ...
  ... Passed --   4.6  3  144   50634  223
Test (2D): install snapshots (disconnect) ...
  ... Passed --  61.0  3 1388  501982  329
Test (2D): install snapshots (disconnect+unreliable) ...
  ... Passed --  97.9  3 2440  873872  327
Test (2D): install snapshots (crash) ...
  ... Passed --  35.4  3  860  334901  302
Test (2D): install snapshots (unreliable+crash) ...
  ... Passed --  78.5  3 1741  658064  359
Test (2D): crash and restart all servers ...
  ... Passed --   5.4  3  190   57442   43
FAIL
exit status 1
FAIL	6.824/raft	472.643s
